Start auto log messages stack - Iteration 1.	[MsgId: MMSG-10545]
Starting action Action.	[MsgId: MMSG-15919]
Action.c(5): Rendezvous Search	[MsgId: MMSG-17988]
Action.c(7): Notify: Transaction "Search" started.	[MsgId: MMSG-16999]
Action.c(9): web_custom_request("ChatMng.logout.dwr") started  	[MsgId: MMSG-26355]
Action.c(9): web_custom_request("ChatMng.logout.dwr") was successful, 170 body bytes, 302 header bytes  	[MsgId: MMSG-26386]
Action.c(21): web_reg_find started  	[MsgId: MMSG-26355]
Action.c(21): Registering web_reg_find was successful  	[MsgId: MMSG-26390]
Action.c(24): web_url("portalSearchScholarS.html") started  	[MsgId: MMSG-26355]
Action.c(24): Downloading resource "http://www.scholat.com/images/scholat_scholar.png" (specified by argument number 9)  	[MsgId: MMSG-26577]
Action.c(24): Error -26366: "Text=SCHOLAT 学者网" not found for web_reg_find  	[MsgId: MERR-26366]
End auto log messages stack.	[MsgId: MMSG-10544]


Start auto log messages stack - Iteration 1.	[MsgId: MMSG-10545]
Starting action Action.	[MsgId: MMSG-15919]
Action.c(5): Rendezvous Search	[MsgId: MMSG-17988]
Action.c(7): Notify: Transaction "Search" started.	[MsgId: MMSG-16999]
Action.c(9): web_custom_request("ChatMng.logout.dwr") started  	[MsgId: MMSG-26355]
Action.c(9): web_custom_request("ChatMng.logout.dwr") was successful, 170 body bytes, 302 header bytes  	[MsgId: MMSG-26386]
Action.c(21): web_reg_find started  	[MsgId: MMSG-26355]
Action.c(21): Registering web_reg_find was successful  	[MsgId: MMSG-26390]
Action.c(24): web_url("portalSearchScholarS.html") started  	[MsgId: MMSG-26355]
Action.c(24): Downloading resource "http://www.scholat.com/images/scholat_scholar.png" (specified by argument number 9)  	[MsgId: MMSG-26577]
Action.c(24): Error -26366: "Text=SCHOLAT 学者网" not found for web_reg_find  	[MsgId: MERR-26366]
End auto log messages stack.	[MsgId: MMSG-10544]


Start auto log messages stack - Iteration 1.	[MsgId: MMSG-10545]
Starting action Action.	[MsgId: MMSG-15919]
Action.c(5): Rendezvous Search	[MsgId: MMSG-17988]
Action.c(7): Notify: Transaction "Search" started.	[MsgId: MMSG-16999]
Action.c(9): web_custom_request("ChatMng.logout.dwr") started  	[MsgId: MMSG-26355]
Action.c(9): web_custom_request("ChatMng.logout.dwr") was successful, 170 body bytes, 302 header bytes  	[MsgId: MMSG-26386]
Action.c(21): web_reg_find started  	[MsgId: MMSG-26355]
Action.c(21): Registering web_reg_find was successful  	[MsgId: MMSG-26390]
Action.c(24): web_url("portalSearchScholarS.html") started  	[MsgId: MMSG-26355]
Action.c(24): Downloading resource "http://www.scholat.com/images/scholat_scholar.png" (specified by argument number 9)  	[MsgId: MMSG-26577]
Action.c(24): Error -26366: "Text=SCHOLAT 学者网" not found for web_reg_find  	[MsgId: MERR-26366]
End auto log messages stack.	[MsgId: MMSG-10544]


