Start auto log messages stack.	[MsgId: MMSG-10546]
vuser_init.c(118): Resource "http://res.scholat.com/scholat/images/login_corner.png" is in the cache already and will not be downloaded again  	[MsgId: MMSG-26655]
vuser_init.c(118): Resource "http://res.scholat.com/scholat/images/account.png" is in the cache already and will not be downloaded again  	[MsgId: MMSG-26655]
vuser_init.c(118): Resource "http://res.scholat.com/scholat/images/password.png" is in the cache already and will not be downloaded again  	[MsgId: MMSG-26655]
vuser_init.c(118): web_custom_request("getLatestVisitors.html") was successful, 3125 body bytes, 659 header bytes  	[MsgId: MMSG-26386]
vuser_init.c(129): web_custom_request("CalendarAjaxService.getRemindCalendars.dwr") started  	[MsgId: MMSG-26355]
vuser_init.c(129): Error -26610: HTTP Status-Code=502 (Bad Gateway) for "http://www.scholat.com/dwr/call/plaincall/CalendarAjaxService.getRemindCalendars.dwr"  	[MsgId: MERR-26610]
End auto log messages stack.	[MsgId: MMSG-10544]


Start auto log messages stack.	[MsgId: MMSG-10546]
vuser_init.c(37): Downloading resource "http://www.scholat.com/resources/s_icon/guobanghong_1527731669788.jpg" (specified by argument number 77)  	[MsgId: MMSG-26577]
vuser_init.c(37): Downloading resource "http://www.scholat.com/chatjs/icons/tonline.png" (specified by argument number 80)  	[MsgId: MMSG-26577]
vuser_init.c(37): Downloading resource "http://202.116.32.240/scholat/ext-2.0.2/resources/images/default/panel/tool-sprites.gif" (specified by argument number 83)  	[MsgId: MMSG-26577]
vuser_init.c(37): Downloading resource "http://www.scholat.com/chatjs/icons/team.png" (specified by argument number 86)  	[MsgId: MMSG-26577]
vuser_init.c(37): Downloading resource "http://202.116.32.240/scholat/ext-2.0.2/resources/images/default/tree/leaf.gif" (specified by argument number 89)  	[MsgId: MMSG-26577]
vuser_init.c(37): Error -27723: Step download timeout (120 seconds) has expired when downloading resource "http://www.scholat.com/images/homepage/addfriend.jpg". Set the "Step Timeout caused by resources is a warning" Run-Time Setting to Yes/No to have this message as a warning/error, respectively  	[MsgId: MERR-27723]
End auto log messages stack.	[MsgId: MMSG-10544]


Start auto log messages stack.	[MsgId: MMSG-10546]
vuser_init.c(37): Downloading resource "http://www.scholat.com/resources/s_icon/guobanghong_1527731669788.jpg" (specified by argument number 77)  	[MsgId: MMSG-26577]
vuser_init.c(37): Downloading resource "http://www.scholat.com/chatjs/icons/tonline.png" (specified by argument number 80)  	[MsgId: MMSG-26577]
vuser_init.c(37): Downloading resource "http://202.116.32.240/scholat/ext-2.0.2/resources/images/default/panel/tool-sprites.gif" (specified by argument number 83)  	[MsgId: MMSG-26577]
vuser_init.c(37): Downloading resource "http://www.scholat.com/chatjs/icons/team.png" (specified by argument number 86)  	[MsgId: MMSG-26577]
vuser_init.c(37): Downloading resource "http://202.116.32.240/scholat/ext-2.0.2/resources/images/default/tree/leaf.gif" (specified by argument number 89)  	[MsgId: MMSG-26577]
vuser_init.c(37): Error -27723: Step download timeout (120 seconds) has expired when downloading resource "http://www.scholat.com/images/homepage/addfriend.jpg". Set the "Step Timeout caused by resources is a warning" Run-Time Setting to Yes/No to have this message as a warning/error, respectively  	[MsgId: MERR-27723]
End auto log messages stack.	[MsgId: MMSG-10544]


Start auto log messages stack.	[MsgId: MMSG-10546]
vuser_init.c(37): Downloading resource "http://www.scholat.com/resources/s_icon/guobanghong_1527731669788.jpg" (specified by argument number 77)  	[MsgId: MMSG-26577]
vuser_init.c(37): Downloading resource "http://www.scholat.com/chatjs/icons/tonline.png" (specified by argument number 80)  	[MsgId: MMSG-26577]
vuser_init.c(37): Downloading resource "http://202.116.32.240/scholat/ext-2.0.2/resources/images/default/panel/tool-sprites.gif" (specified by argument number 83)  	[MsgId: MMSG-26577]
vuser_init.c(37): Downloading resource "http://www.scholat.com/chatjs/icons/team.png" (specified by argument number 86)  	[MsgId: MMSG-26577]
vuser_init.c(37): Downloading resource "http://202.116.32.240/scholat/ext-2.0.2/resources/images/default/tree/leaf.gif" (specified by argument number 89)  	[MsgId: MMSG-26577]
vuser_init.c(37): Error -27723: Step download timeout (120 seconds) has expired when downloading resource "http://www.scholat.com/images/space/getmoreinfo.png". Set the "Step Timeout caused by resources is a warning" Run-Time Setting to Yes/No to have this message as a warning/error, respectively  	[MsgId: MERR-27723]
End auto log messages stack.	[MsgId: MMSG-10544]


Start auto log messages stack.	[MsgId: MMSG-10546]
vuser_init.c(30): web_link("Login") was successful, 22401 body bytes, 2713 header bytes  	[MsgId: MMSG-26386]
vuser_init.c(35): Notify: Transaction "Login" started.	[MsgId: MMSG-16999]
vuser_init.c(37): web_submit_form("Auth.html") started  	[MsgId: MMSG-26355]
vuser_init.c(37): Submitting form to "http://www.scholat.com/Auth.html", Target Frame=""  	[MsgId: MMSG-27978]
vuser_init.c(37): Redirecting "http://www.scholat.com/Auth.html" (redirection depth is 0)  	[MsgId: MMSG-26694]
vuser_init.c(37): To location "http://www.scholat.com/j_security_check?j_username=lqlz&j_password=E67B690D0BA684C018D5B28B8A8A5D6C39B5C804FE96C972&j_passdec=LOG"  	[MsgId: MMSG-26693]
vuser_init.c(37): Error -27724: Step download timeout (120 seconds) has expired when downloading resource "http://www.scholat.com/j_security_check?j_username=lqlz&j_password=E67B690D0BA684C018D5B28B8A8A5D6C39B5C804FE96C972&j_passdec=LOG"  	[MsgId: MERR-27724]
End auto log messages stack.	[MsgId: MMSG-10544]


Start auto log messages stack.	[MsgId: MMSG-10546]
vuser_init.c(37): Downloading resource "http://www.scholat.com/resources/s_icon/guobanghong_1527731669788.jpg" (specified by argument number 77)  	[MsgId: MMSG-26577]
vuser_init.c(37): Downloading resource "http://www.scholat.com/chatjs/icons/tonline.png" (specified by argument number 80)  	[MsgId: MMSG-26577]
vuser_init.c(37): Downloading resource "http://202.116.32.240/scholat/ext-2.0.2/resources/images/default/panel/tool-sprites.gif" (specified by argument number 83)  	[MsgId: MMSG-26577]
vuser_init.c(37): Downloading resource "http://www.scholat.com/chatjs/icons/team.png" (specified by argument number 86)  	[MsgId: MMSG-26577]
vuser_init.c(37): Downloading resource "http://202.116.32.240/scholat/ext-2.0.2/resources/images/default/tree/leaf.gif" (specified by argument number 89)  	[MsgId: MMSG-26577]
vuser_init.c(37): Error -27723: Step download timeout (120 seconds) has expired when downloading resource "http://www.scholat.com/images/space/getmoreinfo.png". Set the "Step Timeout caused by resources is a warning" Run-Time Setting to Yes/No to have this message as a warning/error, respectively  	[MsgId: MERR-27723]
End auto log messages stack.	[MsgId: MMSG-10544]


Start auto log messages stack - Iteration 1.	[MsgId: MMSG-10545]
Start auto log messages stack - Iteration 1.	[MsgId: MMSG-10545]
Starting action Action.	[MsgId: MMSG-15919]
Starting action Action.	[MsgId: MMSG-15919]
Action.c(5): Rendezvous Search	[MsgId: MMSG-17988]
Action.c(5): Rendezvous Search	[MsgId: MMSG-17988]
Action.c(7): Notify: Transaction "Search" started.	[MsgId: MMSG-16999]
Action.c(7): Notify: Transaction "Search" started.	[MsgId: MMSG-16999]
Action.c(9): web_custom_request("ChatMng.logout.dwr") started  	[MsgId: MMSG-26355]
Action.c(9): web_custom_request("ChatMng.logout.dwr") started  	[MsgId: MMSG-26355]
Action.c(9): web_custom_request("ChatMng.logout.dwr") was successful, 170 body bytes, 302 header bytes  	[MsgId: MMSG-26386]
Action.c(9): web_custom_request("ChatMng.logout.dwr") was successful, 170 body bytes, 302 header bytes  	[MsgId: MMSG-26386]
Action.c(21): web_reg_find started  	[MsgId: MMSG-26355]
Action.c(21): web_reg_find started  	[MsgId: MMSG-26355]
Action.c(21): Registering web_reg_find was successful  	[MsgId: MMSG-26390]
Action.c(21): Registering web_reg_find was successful  	[MsgId: MMSG-26390]
Action.c(24): web_url("portalSearchScholarS.html") started  	[MsgId: MMSG-26355]
Action.c(24): web_url("portalSearchScholarS.html") started  	[MsgId: MMSG-26355]
Action.c(24): Downloading resource "http://www.scholat.com/images/scholat_scholar.png" (specified by argument number 9)  	[MsgId: MMSG-26577]
Action.c(24): Error -26366: "Text=SCHOLAT 学者网" not found for web_reg_find  	[MsgId: MERR-26366]
Action.c(24): Downloading resource "http://www.scholat.com/images/scholat_scholar.png" (specified by argument number 9)  	[MsgId: MMSG-26577]
Action.c(24): Error -26366: "Text=SCHOLAT 学者网" not found for web_reg_find  	[MsgId: MERR-26366]
End auto log messages stack.	[MsgId: MMSG-10544]


End auto log messages stack.	[MsgId: MMSG-10544]


Start auto log messages stack - Iteration 1.	[MsgId: MMSG-10545]
Starting action Action.	[MsgId: MMSG-15919]
Action.c(5): Rendezvous Search	[MsgId: MMSG-17988]
Action.c(7): Notify: Transaction "Search" started.	[MsgId: MMSG-16999]
Action.c(9): web_custom_request("ChatMng.logout.dwr") started  	[MsgId: MMSG-26355]
Action.c(9): web_custom_request("ChatMng.logout.dwr") was successful, 170 body bytes, 302 header bytes  	[MsgId: MMSG-26386]
Action.c(21): web_reg_find started  	[MsgId: MMSG-26355]
Action.c(21): Registering web_reg_find was successful  	[MsgId: MMSG-26390]
Action.c(24): web_url("portalSearchScholarS.html") started  	[MsgId: MMSG-26355]
Action.c(24): Downloading resource "http://www.scholat.com/images/scholat_scholar.png" (specified by argument number 9)  	[MsgId: MMSG-26577]
Action.c(24): Error -26366: "Text=SCHOLAT 学者网" not found for web_reg_find  	[MsgId: MERR-26366]
End auto log messages stack.	[MsgId: MMSG-10544]


Start auto log messages stack - Iteration 1.	[MsgId: MMSG-10545]
Start auto log messages stack - Iteration 1.	[MsgId: MMSG-10545]
Starting action Action.	[MsgId: MMSG-15919]
Starting action Action.	[MsgId: MMSG-15919]
Action.c(5): Rendezvous Search	[MsgId: MMSG-17988]
Action.c(5): Rendezvous Search	[MsgId: MMSG-17988]
Action.c(7): Notify: Transaction "Search" started.	[MsgId: MMSG-16999]
Action.c(7): Notify: Transaction "Search" started.	[MsgId: MMSG-16999]
Action.c(9): web_custom_request("ChatMng.logout.dwr") started  	[MsgId: MMSG-26355]
Action.c(9): web_custom_request("ChatMng.logout.dwr") started  	[MsgId: MMSG-26355]
Action.c(9): web_custom_request("ChatMng.logout.dwr") was successful, 170 body bytes, 302 header bytes  	[MsgId: MMSG-26386]
Start auto log messages stack - Iteration 1.	[MsgId: MMSG-10545]
Action.c(9): web_custom_request("ChatMng.logout.dwr") was successful, 170 body bytes, 302 header bytes  	[MsgId: MMSG-26386]
Action.c(21): web_reg_find started  	[MsgId: MMSG-26355]
Action.c(21): web_reg_find started  	[MsgId: MMSG-26355]
Action.c(21): Registering web_reg_find was successful  	[MsgId: MMSG-26390]
Action.c(21): Registering web_reg_find was successful  	[MsgId: MMSG-26390]
Action.c(24): web_url("portalSearchScholarS.html") started  	[MsgId: MMSG-26355]
Action.c(24): web_url("portalSearchScholarS.html") started  	[MsgId: MMSG-26355]
Action.c(24): Error -27724: Step download timeout (120 seconds) has expired when downloading resource "http://www.scholat.com/portalSearchScholarS.html?q=%E6%9D%8E%E7%A5%BA"  	[MsgId: MERR-27724]
Action.c(24): Error -27724: Step download timeout (120 seconds) has expired when downloading resource "http://www.scholat.com/portalSearchScholarS.html?q=%E6%9D%8E%E7%A5%BA"  	[MsgId: MERR-27724]
Start auto log messages stack - Iteration 1.	[MsgId: MMSG-10545]
End auto log messages stack.	[MsgId: MMSG-10544]
End auto log messages stack.	[MsgId: MMSG-10544]




Start auto log messages stack - Iteration 1.	[MsgId: MMSG-10545]
Start auto log messages stack - Iteration 1.	[MsgId: MMSG-10545]
Action.c(24): Aborting pending download of URL="http://www.scholat.com/portalSearchScholarS.html?q=%E6%9D%8E%E7%A5%BA" (RelFrameId=1, Internal ID=112)  	[MsgId: MMSG-27652]
Action.c(24): Aborting pending download of URL="http://www.scholat.com/portalSearchScholarS.html?q=%E6%9D%8E%E7%A5%BA" (RelFrameId=1, Internal ID=112)  	[MsgId: MMSG-27652]
Action.c(24): Warning -26200: At least one of the resources specified by EXTRARES has not been downloaded due to the above error(s)  	[MsgId: MWAR-26200]
Action.c(24): Warning -26200: At least one of the resources specified by EXTRARES has not been downloaded due to the above error(s)  	[MsgId: MWAR-26200]
Action.c(24): Error -26366: "Text=SCHOLAT 学者网" not found for web_reg_find  	[MsgId: MERR-26366]
Action.c(24): Error -26366: "Text=SCHOLAT 学者网" not found for web_reg_find  	[MsgId: MERR-26366]
Action.c(24): Error -26374: The above "not found" error(s) may be explained by header and body byte counts being 0 and 0, respectively.  	[MsgId: MERR-26374]
Action.c(24): Error -26374: The above "not found" error(s) may be explained by header and body byte counts being 0 and 0, respectively.  	[MsgId: MERR-26374]
Action.c(24): Found resource "http://res.scholat.com/scholat/images/homepage/note.jpg" in HTML "http://www.scholat.com/portalSearchScholarS.html?q=%E6%9D%8E%E7%A5%BA"  	[MsgId: MMSG-26659]
End auto log messages stack.	[MsgId: MMSG-10544]
Action.c(24): Found resource "http://res.scholat.com/scholat/images/homepage/makefriend.jpg" in HTML "http://www.scholat.com/portalSearchScholarS.html?q=%E6%9D%8E%E7%A5%BA"  	[MsgId: MMSG-26659]
End auto log messages stack.	[MsgId: MMSG-10544]




Action.c(24): Found resource "http://www.scholat.com/resources/s_icon/adamwt_1495636807713.jpg" in HTML "http://www.scholat.com/portalSearchScholarS.html?q=%E6%9D%8E%E7%A5%BA"  	[MsgId: MMSG-26659]
Action.c(24): Found resource "http://www.scholat.com/images/backTopBottom.png" in HTML "http://www.scholat.com/portalSearchScholarS.html?q=%E6%9D%8E%E7%A5%BA"  	[MsgId: MMSG-26659]
Action.c(24): Error -27723: Step download timeout (120 seconds) has expired when downloading resource "http://www.scholat.com/images/backTopBottom.png". Set the "Step Timeout caused by resources is a warning" Run-Time Setting to Yes/No to have this message as a warning/error, respectively  	[MsgId: MERR-27723]
End auto log messages stack.	[MsgId: MMSG-10544]


Starting action Action.	[MsgId: MMSG-15919]
Action.c(5): Rendezvous Search	[MsgId: MMSG-17988]
Action.c(7): Notify: Transaction "Search" started.	[MsgId: MMSG-16999]
Action.c(9): web_custom_request("ChatMng.logout.dwr") started  	[MsgId: MMSG-26355]
Action.c(9): web_custom_request("ChatMng.logout.dwr") was successful, 170 body bytes, 302 header bytes  	[MsgId: MMSG-26386]
Action.c(21): web_reg_find started  	[MsgId: MMSG-26355]
Action.c(21): Registering web_reg_find was successful  	[MsgId: MMSG-26390]
Action.c(24): web_url("portalSearchScholarS.html") started  	[MsgId: MMSG-26355]
Action.c(24): Error -27724: Step download timeout (120 seconds) has expired when downloading resource "http://www.scholat.com/portalSearchScholarS.html?q=%E6%9D%8E%E7%A5%BA"  	[MsgId: MERR-27724]
End auto log messages stack.	[MsgId: MMSG-10544]


Start auto log messages stack - Iteration 1.	[MsgId: MMSG-10545]
Action.c(24): Aborting pending download of URL="http://www.scholat.com/portalSearchScholarS.html?q=%E6%9D%8E%E7%A5%BA" (RelFrameId=1, Internal ID=113)  	[MsgId: MMSG-27652]
Action.c(24): Warning -26200: At least one of the resources specified by EXTRARES has not been downloaded due to the above error(s)  	[MsgId: MWAR-26200]
Action.c(24): Error -26366: "Text=SCHOLAT 学者网" not found for web_reg_find  	[MsgId: MERR-26366]
Action.c(24): Error -26374: The above "not found" error(s) may be explained by header and body byte counts being 0 and 0, respectively.  	[MsgId: MERR-26374]
End auto log messages stack.	[MsgId: MMSG-10544]


Start auto log messages stack.	[MsgId: MMSG-10546]
vuser_init.c(37): Downloading resource "http://202.116.32.240/scholat/ext-2.0.2/resources/images/default/tree/leaf.gif" (specified by argument number 89)  	[MsgId: MMSG-26577]
vuser_init.c(37): web_submit_form("Auth.html") was successful, 222903 body bytes, 12095 header bytes, 45 chunking overhead bytes  	[MsgId: MMSG-26385]
vuser_init.c(72): web_custom_request("calendarCourse-getTodayCourse.html") started  	[MsgId: MMSG-26355]
vuser_init.c(72): Redirecting "http://www.scholat.com/calendarCourse-getTodayCourse.html" (redirection depth is 0)  	[MsgId: MMSG-26694]
vuser_init.c(72): To location "http://www.scholat.com/login.html"  	[MsgId: MMSG-26693]
vuser_init.c(72): Error -27724: Step download timeout (120 seconds) has expired when downloading resource "http://www.scholat.com/login.html"  	[MsgId: MERR-27724]
End auto log messages stack.	[MsgId: MMSG-10544]


Start auto log messages stack.	[MsgId: MMSG-10546]
vuser_init.c(37): Downloading resource "http://202.116.32.240/scholat/ext-2.0.2/resources/images/default/panel/tool-sprites.gif" (specified by argument number 83)  	[MsgId: MMSG-26577]
vuser_init.c(37): Downloading resource "http://www.scholat.com/chatjs/icons/team.png" (specified by argument number 86)  	[MsgId: MMSG-26577]
vuser_init.c(37): Downloading resource "http://202.116.32.240/scholat/ext-2.0.2/resources/images/default/tree/leaf.gif" (specified by argument number 89)  	[MsgId: MMSG-26577]
vuser_init.c(37): web_submit_form("Auth.html") was successful, 222900 body bytes, 12096 header bytes, 45 chunking overhead bytes  	[MsgId: MMSG-26385]
vuser_init.c(72): web_custom_request("calendarCourse-getTodayCourse.html") started  	[MsgId: MMSG-26355]
vuser_init.c(72): Error -27724: Step download timeout (120 seconds) has expired when downloading resource "http://www.scholat.com/calendarCourse-getTodayCourse.html"  	[MsgId: MERR-27724]
End auto log messages stack.	[MsgId: MMSG-10544]


Start auto log messages stack.	[MsgId: MMSG-10546]
vuser_init.c(164): Redirecting "http://www.scholat.com/TeamTreeActionForChat.html?acc_id=17449" (redirection depth is 0)  	[MsgId: MMSG-26694]
vuser_init.c(164): To location "http://www.scholat.com/Phomepage.html"  	[MsgId: MMSG-26693]
vuser_init.c(164): Redirecting "http://www.scholat.com/Phomepage.html" (redirection depth is 1)  	[MsgId: MMSG-26694]
vuser_init.c(164): To location "http://www.scholat.com/login.html"  	[MsgId: MMSG-26693]
vuser_init.c(164): web_submit_data("TeamTreeActionForChat.html") was successful, 3127 body bytes, 891 header bytes  	[MsgId: MMSG-26386]
vuser_init.c(175): web_submit_data("FriendTreeActionForChat.html") started  	[MsgId: MMSG-26355]
vuser_init.c(175): Error -27724: Step download timeout (120 seconds) has expired when downloading resource "http://www.scholat.com/FriendTreeActionForChat.html?acc_id=17449"  	[MsgId: MERR-27724]
End auto log messages stack.	[MsgId: MMSG-10544]


