Start auto log messages stack - Iteration 1.	[MsgId: MMSG-10545]
Action.c(79): web_submit_data("TeamTreeActionForChat.html_2") started  	[MsgId: MMSG-26355]
Action.c(79): Redirecting "http://www.scholat.com/TeamTreeActionForChat.html?acc_id=17449" (redirection depth is 0)  	[MsgId: MMSG-26694]
Action.c(79): To location "http://www.scholat.com/Phomepage.html"  	[MsgId: MMSG-26693]
Action.c(79): Redirecting "http://www.scholat.com/Phomepage.html" (redirection depth is 1)  	[MsgId: MMSG-26694]
Action.c(79): To location "http://www.scholat.com/login.html"  	[MsgId: MMSG-26693]
Action.c(79): web_submit_data("TeamTreeActionForChat.html_2") was successful, 3131 body bytes, 890 header bytes  	[MsgId: MMSG-26386]
Action.c(90): web_find started  	[MsgId: MMSG-26355]
Action.c(90): Continuing after Error -27195: "Text Check" failed. 0 occurrence(s) of "SCHOLAT 学者网" found (RightOf="", LeftOf="")  	[MsgId: MERR-27195]
End auto log messages stack.	[MsgId: MMSG-10544]


Start auto log messages stack - Iteration 1.	[MsgId: MMSG-10545]
Action.c(79): web_submit_data("TeamTreeActionForChat.html_2") started  	[MsgId: MMSG-26355]
Action.c(79): Redirecting "http://www.scholat.com/TeamTreeActionForChat.html?acc_id=17449" (redirection depth is 0)  	[MsgId: MMSG-26694]
Action.c(79): To location "http://www.scholat.com/Phomepage.html"  	[MsgId: MMSG-26693]
Action.c(79): Redirecting "http://www.scholat.com/Phomepage.html" (redirection depth is 1)  	[MsgId: MMSG-26694]
Action.c(79): To location "http://www.scholat.com/login.html"  	[MsgId: MMSG-26693]
Action.c(79): web_submit_data("TeamTreeActionForChat.html_2") was successful, 3132 body bytes, 890 header bytes  	[MsgId: MMSG-26386]
Action.c(90): web_find started  	[MsgId: MMSG-26355]
Action.c(90): Continuing after Error -27195: "Text Check" failed. 0 occurrence(s) of "SCHOLAT 学者网" found (RightOf="", LeftOf="")  	[MsgId: MERR-27195]
End auto log messages stack.	[MsgId: MMSG-10544]


Start auto log messages stack - Iteration 1.	[MsgId: MMSG-10545]
Action.c(79): web_submit_data("TeamTreeActionForChat.html_2") started  	[MsgId: MMSG-26355]
Action.c(79): Redirecting "http://www.scholat.com/TeamTreeActionForChat.html?acc_id=17449" (redirection depth is 0)  	[MsgId: MMSG-26694]
Action.c(79): To location "http://www.scholat.com/Phomepage.html"  	[MsgId: MMSG-26693]
Action.c(79): Redirecting "http://www.scholat.com/Phomepage.html" (redirection depth is 1)  	[MsgId: MMSG-26694]
Action.c(79): To location "http://www.scholat.com/login.html"  	[MsgId: MMSG-26693]
Action.c(79): web_submit_data("TeamTreeActionForChat.html_2") was successful, 3132 body bytes, 890 header bytes  	[MsgId: MMSG-26386]
Action.c(90): web_find started  	[MsgId: MMSG-26355]
Action.c(90): Continuing after Error -27195: "Text Check" failed. 0 occurrence(s) of "SCHOLAT 学者网" found (RightOf="", LeftOf="")  	[MsgId: MERR-27195]
End auto log messages stack.	[MsgId: MMSG-10544]


Start auto log messages stack - Iteration 2.	[MsgId: MMSG-10545]
Action.c(79): web_submit_data("TeamTreeActionForChat.html_2") started  	[MsgId: MMSG-26355]
Action.c(79): Redirecting "http://www.scholat.com/TeamTreeActionForChat.html?acc_id=17449" (redirection depth is 0)  	[MsgId: MMSG-26694]
Action.c(79): To location "http://www.scholat.com/Phomepage.html"  	[MsgId: MMSG-26693]
Action.c(79): Redirecting "http://www.scholat.com/Phomepage.html" (redirection depth is 1)  	[MsgId: MMSG-26694]
Action.c(79): To location "http://www.scholat.com/login.html"  	[MsgId: MMSG-26693]
Action.c(79): web_submit_data("TeamTreeActionForChat.html_2") was successful, 3131 body bytes, 890 header bytes  	[MsgId: MMSG-26386]
Action.c(90): web_find started  	[MsgId: MMSG-26355]
Action.c(90): Continuing after Error -27195: "Text Check" failed. 0 occurrence(s) of "SCHOLAT 学者网" found (RightOf="", LeftOf="")  	[MsgId: MERR-27195]
End auto log messages stack.	[MsgId: MMSG-10544]


Start auto log messages stack - Iteration 1.	[MsgId: MMSG-10545]
Action.c(79): web_submit_data("TeamTreeActionForChat.html_2") started  	[MsgId: MMSG-26355]
Action.c(79): Redirecting "http://www.scholat.com/TeamTreeActionForChat.html?acc_id=17449" (redirection depth is 0)  	[MsgId: MMSG-26694]
Action.c(79): To location "http://www.scholat.com/Phomepage.html"  	[MsgId: MMSG-26693]
Action.c(79): Redirecting "http://www.scholat.com/Phomepage.html" (redirection depth is 1)  	[MsgId: MMSG-26694]
Action.c(79): To location "http://www.scholat.com/login.html"  	[MsgId: MMSG-26693]
Action.c(79): web_submit_data("TeamTreeActionForChat.html_2") was successful, 3132 body bytes, 890 header bytes  	[MsgId: MMSG-26386]
Action.c(90): web_find started  	[MsgId: MMSG-26355]
Action.c(90): Continuing after Error -27195: "Text Check" failed. 0 occurrence(s) of "SCHOLAT 学者网" found (RightOf="", LeftOf="")  	[MsgId: MERR-27195]
End auto log messages stack.	[MsgId: MMSG-10544]


Start auto log messages stack - Iteration 1.	[MsgId: MMSG-10545]
Action.c(79): web_submit_data("TeamTreeActionForChat.html_2") started  	[MsgId: MMSG-26355]
Action.c(79): Redirecting "http://www.scholat.com/TeamTreeActionForChat.html?acc_id=17449" (redirection depth is 0)  	[MsgId: MMSG-26694]
Action.c(79): To location "http://www.scholat.com/Phomepage.html"  	[MsgId: MMSG-26693]
Action.c(79): Redirecting "http://www.scholat.com/Phomepage.html" (redirection depth is 1)  	[MsgId: MMSG-26694]
Action.c(79): To location "http://www.scholat.com/login.html"  	[MsgId: MMSG-26693]
Action.c(79): web_submit_data("TeamTreeActionForChat.html_2") was successful, 3130 body bytes, 890 header bytes  	[MsgId: MMSG-26386]
Action.c(90): web_find started  	[MsgId: MMSG-26355]
Action.c(90): Continuing after Error -27195: "Text Check" failed. 0 occurrence(s) of "SCHOLAT 学者网" found (RightOf="", LeftOf="")  	[MsgId: MERR-27195]
End auto log messages stack.	[MsgId: MMSG-10544]


Start auto log messages stack - Iteration 2.	[MsgId: MMSG-10545]
Action.c(79): web_submit_data("TeamTreeActionForChat.html_2") started  	[MsgId: MMSG-26355]
Action.c(79): Redirecting "http://www.scholat.com/TeamTreeActionForChat.html?acc_id=17449" (redirection depth is 0)  	[MsgId: MMSG-26694]
Action.c(79): To location "http://www.scholat.com/Phomepage.html"  	[MsgId: MMSG-26693]
Action.c(79): Redirecting "http://www.scholat.com/Phomepage.html" (redirection depth is 1)  	[MsgId: MMSG-26694]
Action.c(79): To location "http://www.scholat.com/login.html"  	[MsgId: MMSG-26693]
Action.c(79): web_submit_data("TeamTreeActionForChat.html_2") was successful, 3132 body bytes, 890 header bytes  	[MsgId: MMSG-26386]
Action.c(90): web_find started  	[MsgId: MMSG-26355]
Action.c(90): Continuing after Error -27195: "Text Check" failed. 0 occurrence(s) of "SCHOLAT 学者网" found (RightOf="", LeftOf="")  	[MsgId: MERR-27195]
End auto log messages stack.	[MsgId: MMSG-10544]


Start auto log messages stack - Iteration 2.	[MsgId: MMSG-10545]
Action.c(79): web_submit_data("TeamTreeActionForChat.html_2") started  	[MsgId: MMSG-26355]
Action.c(79): Redirecting "http://www.scholat.com/TeamTreeActionForChat.html?acc_id=17449" (redirection depth is 0)  	[MsgId: MMSG-26694]
Action.c(79): To location "http://www.scholat.com/Phomepage.html"  	[MsgId: MMSG-26693]
Action.c(79): Redirecting "http://www.scholat.com/Phomepage.html" (redirection depth is 1)  	[MsgId: MMSG-26694]
Action.c(79): To location "http://www.scholat.com/login.html"  	[MsgId: MMSG-26693]
Action.c(79): web_submit_data("TeamTreeActionForChat.html_2") was successful, 3132 body bytes, 890 header bytes  	[MsgId: MMSG-26386]
Action.c(90): web_find started  	[MsgId: MMSG-26355]
Action.c(90): Continuing after Error -27195: "Text Check" failed. 0 occurrence(s) of "SCHOLAT 学者网" found (RightOf="", LeftOf="")  	[MsgId: MERR-27195]
End auto log messages stack.	[MsgId: MMSG-10544]


Start auto log messages stack - Iteration 3.	[MsgId: MMSG-10545]
Action.c(79): web_submit_data("TeamTreeActionForChat.html_2") started  	[MsgId: MMSG-26355]
Action.c(79): Redirecting "http://www.scholat.com/TeamTreeActionForChat.html?acc_id=17449" (redirection depth is 0)  	[MsgId: MMSG-26694]
Action.c(79): To location "http://www.scholat.com/Phomepage.html"  	[MsgId: MMSG-26693]
Action.c(79): Redirecting "http://www.scholat.com/Phomepage.html" (redirection depth is 1)  	[MsgId: MMSG-26694]
Action.c(79): To location "http://www.scholat.com/login.html"  	[MsgId: MMSG-26693]
Action.c(79): web_submit_data("TeamTreeActionForChat.html_2") was successful, 3131 body bytes, 890 header bytes  	[MsgId: MMSG-26386]
Action.c(90): web_find started  	[MsgId: MMSG-26355]
Action.c(90): Continuing after Error -27195: "Text Check" failed. 0 occurrence(s) of "SCHOLAT 学者网" found (RightOf="", LeftOf="")  	[MsgId: MERR-27195]
End auto log messages stack.	[MsgId: MMSG-10544]


Start auto log messages stack - Iteration 2.	[MsgId: MMSG-10545]
Action.c(79): web_submit_data("TeamTreeActionForChat.html_2") started  	[MsgId: MMSG-26355]
Action.c(79): Redirecting "http://www.scholat.com/TeamTreeActionForChat.html?acc_id=17449" (redirection depth is 0)  	[MsgId: MMSG-26694]
Action.c(79): To location "http://www.scholat.com/Phomepage.html"  	[MsgId: MMSG-26693]
Action.c(79): Redirecting "http://www.scholat.com/Phomepage.html" (redirection depth is 1)  	[MsgId: MMSG-26694]
Action.c(79): To location "http://www.scholat.com/login.html"  	[MsgId: MMSG-26693]
Action.c(79): web_submit_data("TeamTreeActionForChat.html_2") was successful, 3132 body bytes, 890 header bytes  	[MsgId: MMSG-26386]
Action.c(90): web_find started  	[MsgId: MMSG-26355]
Action.c(90): Continuing after Error -27195: "Text Check" failed. 0 occurrence(s) of "SCHOLAT 学者网" found (RightOf="", LeftOf="")  	[MsgId: MERR-27195]
End auto log messages stack.	[MsgId: MMSG-10544]


Start auto log messages stack - Iteration 2.	[MsgId: MMSG-10545]
Action.c(79): web_submit_data("TeamTreeActionForChat.html_2") started  	[MsgId: MMSG-26355]
Action.c(79): Redirecting "http://www.scholat.com/TeamTreeActionForChat.html?acc_id=17449" (redirection depth is 0)  	[MsgId: MMSG-26694]
Action.c(79): To location "http://www.scholat.com/Phomepage.html"  	[MsgId: MMSG-26693]
Action.c(79): Redirecting "http://www.scholat.com/Phomepage.html" (redirection depth is 1)  	[MsgId: MMSG-26694]
Action.c(79): To location "http://www.scholat.com/login.html"  	[MsgId: MMSG-26693]
Action.c(79): web_submit_data("TeamTreeActionForChat.html_2") was successful, 3130 body bytes, 890 header bytes  	[MsgId: MMSG-26386]
Action.c(90): web_find started  	[MsgId: MMSG-26355]
Action.c(90): Continuing after Error -27195: "Text Check" failed. 0 occurrence(s) of "SCHOLAT 学者网" found (RightOf="", LeftOf="")  	[MsgId: MERR-27195]
End auto log messages stack.	[MsgId: MMSG-10544]


Start auto log messages stack - Iteration 3.	[MsgId: MMSG-10545]
Action.c(79): web_submit_data("TeamTreeActionForChat.html_2") started  	[MsgId: MMSG-26355]
Action.c(79): Redirecting "http://www.scholat.com/TeamTreeActionForChat.html?acc_id=17449" (redirection depth is 0)  	[MsgId: MMSG-26694]
Action.c(79): To location "http://www.scholat.com/Phomepage.html"  	[MsgId: MMSG-26693]
Action.c(79): Redirecting "http://www.scholat.com/Phomepage.html" (redirection depth is 1)  	[MsgId: MMSG-26694]
Action.c(79): To location "http://www.scholat.com/login.html"  	[MsgId: MMSG-26693]
Action.c(79): web_submit_data("TeamTreeActionForChat.html_2") was successful, 3132 body bytes, 890 header bytes  	[MsgId: MMSG-26386]
Action.c(90): web_find started  	[MsgId: MMSG-26355]
Action.c(90): Continuing after Error -27195: "Text Check" failed. 0 occurrence(s) of "SCHOLAT 学者网" found (RightOf="", LeftOf="")  	[MsgId: MERR-27195]
End auto log messages stack.	[MsgId: MMSG-10544]


Start auto log messages stack - Iteration 3.	[MsgId: MMSG-10545]
Action.c(79): web_submit_data("TeamTreeActionForChat.html_2") started  	[MsgId: MMSG-26355]
Action.c(79): Redirecting "http://www.scholat.com/TeamTreeActionForChat.html?acc_id=17449" (redirection depth is 0)  	[MsgId: MMSG-26694]
Action.c(79): To location "http://www.scholat.com/Phomepage.html"  	[MsgId: MMSG-26693]
Action.c(79): Redirecting "http://www.scholat.com/Phomepage.html" (redirection depth is 1)  	[MsgId: MMSG-26694]
Action.c(79): To location "http://www.scholat.com/login.html"  	[MsgId: MMSG-26693]
Action.c(79): web_submit_data("TeamTreeActionForChat.html_2") was successful, 3132 body bytes, 890 header bytes  	[MsgId: MMSG-26386]
Action.c(90): web_find started  	[MsgId: MMSG-26355]
Action.c(90): Continuing after Error -27195: "Text Check" failed. 0 occurrence(s) of "SCHOLAT 学者网" found (RightOf="", LeftOf="")  	[MsgId: MERR-27195]
End auto log messages stack.	[MsgId: MMSG-10544]


