Start auto log messages stack.	[MsgId: MMSG-10546]
vuser_init.c(12): Found resource "http://www.scholat.com/portal_new/js/slider.gzjs?v=20170803" in HTML "http://www.scholat.com/"  	[MsgId: MMSG-26659]
vuser_init.c(12): web_url("www.scholat.com") was successful, 417105 body bytes, 15524 header bytes, 77 chunking overhead bytes  	[MsgId: MMSG-26385]
vuser_init.c(26): web_set_sockets_option started  	[MsgId: MMSG-26355]
vuser_init.c(26): web_set_sockets_option was successful  	[MsgId: MMSG-26392]
vuser_init.c(28): lr_think_time: 33.81 seconds (recorded think time was 25.00 seconds).	[MsgId: MMSG-15947]
vuser_init.c(30): web_link("Login") started  	[MsgId: MMSG-26355]
vuser_init.c(30): Linking to "http://www.scholat.com/login.html?source=pc", Target Frame="_self"  	[MsgId: MMSG-27994]
vuser_init.c(30): Continuing after Error -27794: Failed to connect to server "www.scholat.com:80": [10060] Connection timed out  	[MsgId: MERR-27794]
End auto log messages stack.	[MsgId: MMSG-10544]


Start auto log messages stack.	[MsgId: MMSG-10546]
vuser_init.c(30): web_link("Login") highest severity level was "continue on error", 0 body bytes, 0 header bytes  	[MsgId: MMSG-26388]
vuser_init.c(30): Continuing after error in Vuser script.	[MsgId: MMSG-10678]
vuser_init.c(35): Notify: Transaction "Lo" started.	[MsgId: MMSG-16999]
vuser_init.c(37): web_submit_form("Auth.html") started  	[MsgId: MMSG-26355]
vuser_init.c(37): Continuing after Error -27979: Requested form not found  	[MsgId: MERR-27979]
End auto log messages stack.	[MsgId: MMSG-10544]


Start auto log messages stack - Iteration 1.	[MsgId: MMSG-10545]
Starting action Ac.	[MsgId: MMSG-15919]
Action.c(4): lr_think_time: 52.04 seconds (recorded think time was 33.00 seconds).	[MsgId: MMSG-15947]
Action.c(6): Notify: Transaction "Se" started.	[MsgId: MMSG-16999]
Action.c(8): web_url("editUserProfile.html") started  	[MsgId: MMSG-26355]
Action.c(8): Continuing after Error -27794: Failed to connect to server "www.scholat.com:80": [10060] Connection timed out  	[MsgId: MERR-27794]
End auto log messages stack.	[MsgId: MMSG-10544]


Start auto log messages stack - Iteration 1.	[MsgId: MMSG-10545]
Starting action Ac.	[MsgId: MMSG-15919]
Action.c(4): lr_think_time: 65.33 seconds (recorded think time was 33.00 seconds).	[MsgId: MMSG-15947]
Action.c(6): Notify: Transaction "Se" started.	[MsgId: MMSG-16999]
Action.c(8): web_url("editUserProfile.html") started  	[MsgId: MMSG-26355]
Action.c(8): Connection to www.scholat.com:80 closed after being inactive for 67 seconds, exceeding the "HTTP Keep-Alive timeout" Run-Time Setting (60 seconds). URL="http://www.scholat.com/editUserProfile.html"  	[MsgId: MMSG-27652]
Action.c(8): Continuing after Error -27794: Failed to connect to server "www.scholat.com:80": [10060] Connection timed out  	[MsgId: MERR-27794]
End auto log messages stack.	[MsgId: MMSG-10544]


Start auto log messages stack - Iteration 1.	[MsgId: MMSG-10545]
Action.c(79): To location "http://www.scholat.com/login.html"  	[MsgId: MMSG-26693]
Action.c(79): web_submit_data("TeamTreeActionForChat.html_2") was successful, 3131 body bytes, 890 header bytes  	[MsgId: MMSG-26386]
Action.c(90): web_find started  	[MsgId: MMSG-26355]
Action.c(90): "Text Check" successful. 1 occurrence(s) of "SCHOLAT 学者网" found (RightOf="", LeftOf="")  	[MsgId: MMSG-27196]
Action.c(90): web_find was successful  	[MsgId: MMSG-26392]
Action.c(92): Notify: Transaction "Se" ended with "Pa" status (Duration: 0.3748).	[MsgId: MMSG-16873]
Ending action Ac.	[MsgId: MMSG-15918]
Ending Vuser...	[MsgId: MMSG-15966]
Starting action vu.	[MsgId: MMSG-15919]
vuser_end.c(4): lr_think_time: 47.29 seconds (recorded think time was 47.00 seconds).	[MsgId: MMSG-15947]
vuser_end.c(6): web_custom_request("ChatMng.logout.dwr") started  	[MsgId: MMSG-26355]
vuser_end.c(6): Continuing after Error -27794: Failed to connect to server "www.scholat.com:80": [10060] Connection timed out  	[MsgId: MERR-27794]
End auto log messages stack.	[MsgId: MMSG-10544]


Start auto log messages stack - Iteration 1.	[MsgId: MMSG-10545]
Action.c(8): web_url("editUserProfile.html") highest severity level was "continue on error", 0 body bytes, 0 header bytes  	[MsgId: MMSG-26388]
Action.c(8): Continuing after error in Vuser script.	[MsgId: MMSG-10678]
Action.c(17): web_custom_request("getDynamicMessagesMobile.html_2") started  	[MsgId: MMSG-26355]
Action.c(17): Continuing after Error -27794: Failed to connect to server "www.scholat.com:80": [10060] Connection timed out  	[MsgId: MERR-27794]
End auto log messages stack.	[MsgId: MMSG-10544]


Start auto log messages stack - Iteration 1.	[MsgId: MMSG-10545]
Action.c(8): web_url("editUserProfile.html") highest severity level was "continue on error", 0 body bytes, 0 header bytes  	[MsgId: MMSG-26388]
Action.c(8): Continuing after error in Vuser script.	[MsgId: MMSG-10678]
Action.c(17): web_custom_request("getDynamicMessagesMobile.html_2") started  	[MsgId: MMSG-26355]
Action.c(17): Continuing after Error -27794: Failed to connect to server "www.scholat.com:80": [10060] Connection timed out  	[MsgId: MERR-27794]
End auto log messages stack.	[MsgId: MMSG-10544]


Start auto log messages stack - Iteration 1.	[MsgId: MMSG-10545]
vuser_end.c(6): web_custom_request("ChatMng.logout.dwr") highest severity level was "continue on error", 0 body bytes, 0 header bytes  	[MsgId: MMSG-26388]
vuser_end.c(6): Continuing after error in Vuser script.	[MsgId: MMSG-10678]
vuser_end.c(18): web_url("logout.html") started  	[MsgId: MMSG-26355]
vuser_end.c(18): Continuing after Error -27794: Failed to connect to server "www.scholat.com:80": [10060] Connection timed out  	[MsgId: MERR-27794]
End auto log messages stack.	[MsgId: MMSG-10544]


Start auto log messages stack - Iteration 1.	[MsgId: MMSG-10545]
Action.c(17): web_custom_request("getDynamicMessagesMobile.html_2") highest severity level was "continue on error", 0 body bytes, 0 header bytes  	[MsgId: MMSG-26388]
Action.c(17): Continuing after error in Vuser script.	[MsgId: MMSG-10678]
Action.c(28): web_custom_request("getAllAddFriendsMsg.html_2") started  	[MsgId: MMSG-26355]
Action.c(28): Continuing after Error -27794: Failed to connect to server "www.scholat.com:80": [10060] Connection timed out  	[MsgId: MERR-27794]
End auto log messages stack.	[MsgId: MMSG-10544]


Start auto log messages stack - Iteration 1.	[MsgId: MMSG-10545]
Action.c(79): web_submit_data("TeamTreeActionForChat.html_2") started  	[MsgId: MMSG-26355]
Action.c(79): Redirecting "http://www.scholat.com/TeamTreeActionForChat.html?acc_id=17449" (redirection depth is 0)  	[MsgId: MMSG-26694]
Action.c(79): To location "http://www.scholat.com/Phomepage.html"  	[MsgId: MMSG-26693]
Action.c(79): Redirecting "http://www.scholat.com/Phomepage.html" (redirection depth is 1)  	[MsgId: MMSG-26694]
Action.c(79): To location "http://www.scholat.com/login.html"  	[MsgId: MMSG-26693]
Action.c(79): web_submit_data("TeamTreeActionForChat.html_2") was successful, 3130 body bytes, 890 header bytes  	[MsgId: MMSG-26386]
Action.c(90): web_find started  	[MsgId: MMSG-26355]
Action.c(90): Continuing after Error -27195: "Text Check" failed. 0 occurrence(s) of "SCHOLAT 学者网" found (RightOf="", LeftOf="")  	[MsgId: MERR-27195]
End auto log messages stack.	[MsgId: MMSG-10544]


Start auto log messages stack - Iteration 1.	[MsgId: MMSG-10545]
Action.c(17): web_custom_request("getDynamicMessagesMobile.html_2") highest severity level was "continue on error", 0 body bytes, 0 header bytes  	[MsgId: MMSG-26388]
Action.c(17): Continuing after error in Vuser script.	[MsgId: MMSG-10678]
Action.c(28): web_custom_request("getAllAddFriendsMsg.html_2") started  	[MsgId: MMSG-26355]
Action.c(28): Continuing after Error -27794: Failed to connect to server "www.scholat.com:80": [10060] Connection timed out  	[MsgId: MERR-27794]
End auto log messages stack.	[MsgId: MMSG-10544]


Start auto log messages stack - Iteration 1.	[MsgId: MMSG-10545]
Action.c(28): Warning -26200: At least one of the resources specified by EXTRARES has not been downloaded due to the above error(s)  	[MsgId: MWAR-26200]
Action.c(28): web_custom_request("getAllAddFriendsMsg.html_2") highest severity level was "continue on error", 0 body bytes, 0 header bytes  	[MsgId: MMSG-26388]
Action.c(28): Continuing after error in Vuser script.	[MsgId: MMSG-10678]
Action.c(45): web_custom_request("ChatMng.update.dwr_2") started  	[MsgId: MMSG-26355]
Action.c(45): Continuing after Error -27794: Failed to connect to server "www.scholat.com:80": [10060] Connection timed out  	[MsgId: MERR-27794]
End auto log messages stack.	[MsgId: MMSG-10544]


Start auto log messages stack - Iteration 1.	[MsgId: MMSG-10545]
Action.c(79): web_submit_data("TeamTreeActionForChat.html_2") started  	[MsgId: MMSG-26355]
Action.c(79): Redirecting "http://www.scholat.com/TeamTreeActionForChat.html?acc_id=17449" (redirection depth is 0)  	[MsgId: MMSG-26694]
Action.c(79): To location "http://www.scholat.com/Phomepage.html"  	[MsgId: MMSG-26693]
Action.c(79): Redirecting "http://www.scholat.com/Phomepage.html" (redirection depth is 1)  	[MsgId: MMSG-26694]
Action.c(79): To location "http://www.scholat.com/login.html"  	[MsgId: MMSG-26693]
Action.c(79): web_submit_data("TeamTreeActionForChat.html_2") was successful, 3132 body bytes, 890 header bytes  	[MsgId: MMSG-26386]
Action.c(90): web_find started  	[MsgId: MMSG-26355]
Action.c(90): Continuing after Error -27195: "Text Check" failed. 0 occurrence(s) of "SCHOLAT 学者网" found (RightOf="", LeftOf="")  	[MsgId: MERR-27195]
End auto log messages stack.	[MsgId: MMSG-10544]


