Start auto log messages stack.	[MsgId: MMSG-10546]
Virtual User Script started at : 	[MsgId: MMSG-15967]
Starting action vu.	[MsgId: MMSG-15919]
Web Turbo Replay of LoadRunner 12.0.0 for Windows 7; build 2079 (Jun 17 2014 10:56:12)  	[MsgId: MMSG-27143]
Run mode: HTML  	[MsgId: MMSG-26993]
Run-Time Settings file: "C:\Users\user\AppData\Local\Temp\lr5tmpdirn6S.950\lrcfg28u.957\cfg5zo.962"  	[MsgId: MMSG-27141]
vuser_init.c(12): web_url("www.scholat.com") started  	[MsgId: MMSG-26355]
vuser_init.c(12): Continuing after Error -27794: Failed to connect to server "www.scholat.com:80": [10060] Connection timed out  	[MsgId: MERR-27794]
End auto log messages stack.	[MsgId: MMSG-10544]


Start auto log messages stack.	[MsgId: MMSG-10546]
Virtual User Script started at : 	[MsgId: MMSG-15967]
Starting action vu.	[MsgId: MMSG-15919]
Web Turbo Replay of LoadRunner 12.0.0 for Windows 7; build 2079 (Jun 17 2014 10:56:12)  	[MsgId: MMSG-27143]
Run mode: HTML  	[MsgId: MMSG-26993]
Run-Time Settings file: "C:\Users\user\AppData\Local\Temp\lr5tmpdirn6S.950\lrcfg28u.957\cfg5zo.962"  	[MsgId: MMSG-27141]
vuser_init.c(12): web_url("www.scholat.com") started  	[MsgId: MMSG-26355]
vuser_init.c(12): Continuing after Error -27794: Failed to connect to server "www.scholat.com:80": [10060] Connection timed out  	[MsgId: MERR-27794]
End auto log messages stack.	[MsgId: MMSG-10544]


Start auto log messages stack.	[MsgId: MMSG-10546]
vuser_init.c(12): Warning -26200: At least one of the resources specified by EXTRARES has not been downloaded due to the above error(s)  	[MsgId: MWAR-26200]
vuser_init.c(12): web_url("www.scholat.com") highest severity level was "continue on error", 0 body bytes, 0 header bytes  	[MsgId: MMSG-26388]
vuser_init.c(12): Continuing after error in Vuser script.	[MsgId: MMSG-10678]
vuser_init.c(26): web_set_sockets_option started  	[MsgId: MMSG-26355]
vuser_init.c(26): web_set_sockets_option was successful  	[MsgId: MMSG-26392]
vuser_init.c(28): lr_think_time: 38.88 seconds (recorded think time was 25.00 seconds).	[MsgId: MMSG-15947]
vuser_init.c(30): web_link("Login") started  	[MsgId: MMSG-26355]
vuser_init.c(30): Continuing after Error -27995: Requested link ("Text=Login") not found  	[MsgId: MERR-27995]
End auto log messages stack.	[MsgId: MMSG-10544]


Start auto log messages stack.	[MsgId: MMSG-10546]
vuser_init.c(30): web_link("Login") highest severity level was "continue on error", 0 body bytes, 0 header bytes  	[MsgId: MMSG-26388]
vuser_init.c(30): Continuing after error in Vuser script.	[MsgId: MMSG-10678]
vuser_init.c(35): Notify: Transaction "Lo" started.	[MsgId: MMSG-16999]
vuser_init.c(37): web_submit_form("Auth.html") started  	[MsgId: MMSG-26355]
vuser_init.c(37): Continuing after Error -27979: Requested form not found  	[MsgId: MERR-27979]
End auto log messages stack.	[MsgId: MMSG-10544]


Start auto log messages stack.	[MsgId: MMSG-10546]
vuser_init.c(12): Warning -26200: At least one of the resources specified by EXTRARES has not been downloaded due to the above error(s)  	[MsgId: MWAR-26200]
vuser_init.c(12): web_url("www.scholat.com") highest severity level was "continue on error", 0 body bytes, 0 header bytes  	[MsgId: MMSG-26388]
vuser_init.c(12): Continuing after error in Vuser script.	[MsgId: MMSG-10678]
vuser_init.c(26): web_set_sockets_option started  	[MsgId: MMSG-26355]
vuser_init.c(26): web_set_sockets_option was successful  	[MsgId: MMSG-26392]
vuser_init.c(28): lr_think_time: 38.34 seconds (recorded think time was 25.00 seconds).	[MsgId: MMSG-15947]
vuser_init.c(30): web_link("Login") started  	[MsgId: MMSG-26355]
vuser_init.c(30): Continuing after Error -27995: Requested link ("Text=Login") not found  	[MsgId: MERR-27995]
End auto log messages stack.	[MsgId: MMSG-10544]


Start auto log messages stack.	[MsgId: MMSG-10546]
vuser_init.c(30): web_link("Login") highest severity level was "continue on error", 0 body bytes, 0 header bytes  	[MsgId: MMSG-26388]
vuser_init.c(30): Continuing after error in Vuser script.	[MsgId: MMSG-10678]
vuser_init.c(35): Notify: Transaction "Lo" started.	[MsgId: MMSG-16999]
vuser_init.c(37): web_submit_form("Auth.html") started  	[MsgId: MMSG-26355]
vuser_init.c(37): Continuing after Error -27979: Requested form not found  	[MsgId: MERR-27979]
End auto log messages stack.	[MsgId: MMSG-10544]


Start auto log messages stack - Iteration 1.	[MsgId: MMSG-10545]
Starting action Ac.	[MsgId: MMSG-15919]
Action.c(4): lr_think_time: 38.92 seconds (recorded think time was 33.00 seconds).	[MsgId: MMSG-15947]
Action.c(6): Notify: Transaction "Se" started.	[MsgId: MMSG-16999]
Action.c(8): web_url("editUserProfile.html") started  	[MsgId: MMSG-26355]
Action.c(8): Continuing after Error -27794: Failed to connect to server "www.scholat.com:80": [10060] Connection timed out  	[MsgId: MERR-27794]
End auto log messages stack.	[MsgId: MMSG-10544]


Start auto log messages stack - Iteration 1.	[MsgId: MMSG-10545]
Action.c(68): Redirecting "http://www.scholat.com/RecentTreeActionForChat.html?acc_id=17449" (redirection depth is 0)  	[MsgId: MMSG-26694]
Action.c(68): To location "http://www.scholat.com/Phomepage.html"  	[MsgId: MMSG-26693]
Action.c(68): Redirecting "http://www.scholat.com/Phomepage.html" (redirection depth is 1)  	[MsgId: MMSG-26694]
Action.c(68): To location "http://www.scholat.com/login.html"  	[MsgId: MMSG-26693]
Action.c(68): web_submit_data("RecentTreeActionForChat.html_2") was successful, 3131 body bytes, 890 header bytes  	[MsgId: MMSG-26386]
Action.c(79): lr_think_time: 13.11 seconds (recorded think time was 9.00 seconds).	[MsgId: MMSG-15947]
Action.c(81): web_submit_data("TeamTreeActionForChat.html_2") started  	[MsgId: MMSG-26355]
Action.c(81): Continuing after Error -27794: Failed to connect to server "www.scholat.com:80": [10060] Connection timed out  	[MsgId: MERR-27794]
End auto log messages stack.	[MsgId: MMSG-10544]


Start auto log messages stack - Iteration 1.	[MsgId: MMSG-10545]
Starting action Ac.	[MsgId: MMSG-15919]
Action.c(4): lr_think_time: 49.15 seconds (recorded think time was 33.00 seconds).	[MsgId: MMSG-15947]
Action.c(6): Notify: Transaction "Se" started.	[MsgId: MMSG-16999]
Action.c(8): web_url("editUserProfile.html") started  	[MsgId: MMSG-26355]
Action.c(8): Continuing after Error -27794: Failed to connect to server "www.scholat.com:80": [10060] Connection timed out  	[MsgId: MERR-27794]
End auto log messages stack.	[MsgId: MMSG-10544]


Start auto log messages stack - Iteration 1.	[MsgId: MMSG-10545]
Action.c(8): web_url("editUserProfile.html") highest severity level was "continue on error", 0 body bytes, 0 header bytes  	[MsgId: MMSG-26388]
Action.c(8): Continuing after error in Vuser script.	[MsgId: MMSG-10678]
Action.c(17): web_custom_request("getDynamicMessagesMobile.html_2") started  	[MsgId: MMSG-26355]
Action.c(17): Connection to www.scholat.com:80 closed after being inactive for 60 seconds, exceeding the "HTTP Keep-Alive timeout" Run-Time Setting (60 seconds). URL="http://www.scholat.com//getDynamicMessagesMobile.html"  	[MsgId: MMSG-27652]
Action.c(17): Continuing after Error -27794: Failed to connect to server "www.scholat.com:80": [10060] Connection timed out  	[MsgId: MERR-27794]
End auto log messages stack.	[MsgId: MMSG-10544]


Start auto log messages stack - Iteration 1.	[MsgId: MMSG-10545]
Action.c(8): web_url("editUserProfile.html") highest severity level was "continue on error", 0 body bytes, 0 header bytes  	[MsgId: MMSG-26388]
Action.c(8): Continuing after error in Vuser script.	[MsgId: MMSG-10678]
Action.c(17): web_custom_request("getDynamicMessagesMobile.html_2") started  	[MsgId: MMSG-26355]
Action.c(17): Continuing after Error -27794: Failed to connect to server "www.scholat.com:80": [10060] Connection timed out  	[MsgId: MERR-27794]
End auto log messages stack.	[MsgId: MMSG-10544]


Start auto log messages stack - Iteration 1.	[MsgId: MMSG-10545]
Action.c(17): web_custom_request("getDynamicMessagesMobile.html_2") highest severity level was "continue on error", 0 body bytes, 0 header bytes  	[MsgId: MMSG-26388]
Action.c(17): Continuing after error in Vuser script.	[MsgId: MMSG-10678]
Action.c(28): web_custom_request("getAllAddFriendsMsg.html_2") started  	[MsgId: MMSG-26355]
Action.c(28): Connection to www.scholat.com:80 closed after being inactive for 81 seconds, exceeding the "HTTP Keep-Alive timeout" Run-Time Setting (60 seconds). URL="http://www.scholat.com//getAllAddFriendsMsg.html"  	[MsgId: MMSG-27652]
Action.c(28): Continuing after Error -27794: Failed to connect to server "www.scholat.com:80": [10060] Connection timed out  	[MsgId: MERR-27794]
End auto log messages stack.	[MsgId: MMSG-10544]


Start auto log messages stack - Iteration 1.	[MsgId: MMSG-10545]
Action.c(28): Downloading resource "http://202.116.32.240/scholat/images/avatar/packslider.png" (specified by argument number 20)  	[MsgId: MMSG-26577]
Action.c(28): Downloading resource "http://202.116.32.240/scholat/images/avatar/track.png" (specified by argument number 23)  	[MsgId: MMSG-26577]
Action.c(28): Warning -27794: Failed to connect to server "202.116.32.240:80": [10060] Connection timed out  	[MsgId: MWAR-27794]
Action.c(28): Warning -27794: Failed to connect to server "202.116.32.240:80": [10060] Connection timed out  	[MsgId: MWAR-27794]
Action.c(28): web_custom_request("getAllAddFriendsMsg.html_2") highest severity level was "warning", 26515 body bytes, 4910 header bytes  	[MsgId: MMSG-26388]
Action.c(45): web_custom_request("ChatMng.update.dwr_2") started  	[MsgId: MMSG-26355]
Action.c(45): Continuing after Error -27794: Failed to connect to server "www.scholat.com:80": [10060] Connection timed out  	[MsgId: MERR-27794]
End auto log messages stack.	[MsgId: MMSG-10544]


Start auto log messages stack - Iteration 1.	[MsgId: MMSG-10545]
Action.c(17): web_custom_request("getDynamicMessagesMobile.html_2") highest severity level was "continue on error", 0 body bytes, 0 header bytes  	[MsgId: MMSG-26388]
Action.c(17): Continuing after error in Vuser script.	[MsgId: MMSG-10678]
Action.c(28): web_custom_request("getAllAddFriendsMsg.html_2") started  	[MsgId: MMSG-26355]
Action.c(28): Continuing after Error -27794: Failed to connect to server "www.scholat.com:80": [10060] Connection timed out  	[MsgId: MERR-27794]
End auto log messages stack.	[MsgId: MMSG-10544]


Start auto log messages stack - Iteration 1.	[MsgId: MMSG-10545]
Action.c(28): Warning -26200: At least one of the resources specified by EXTRARES has not been downloaded due to the above error(s)  	[MsgId: MWAR-26200]
Action.c(28): web_custom_request("getAllAddFriendsMsg.html_2") highest severity level was "continue on error", 0 body bytes, 0 header bytes  	[MsgId: MMSG-26388]
Action.c(28): Continuing after error in Vuser script.	[MsgId: MMSG-10678]
Action.c(45): web_custom_request("ChatMng.update.dwr_2") started  	[MsgId: MMSG-26355]
Action.c(45): Connection to www.scholat.com:80 closed after being inactive for 102 seconds, exceeding the "HTTP Keep-Alive timeout" Run-Time Setting (60 seconds). URL="http://www.scholat.com/dwr/call/plaincall/ChatMng.update.dwr"  	[MsgId: MMSG-27652]
Action.c(45): Continuing after Error -27794: Failed to connect to server "www.scholat.com:80": [10060] Connection timed out  	[MsgId: MERR-27794]
End auto log messages stack.	[MsgId: MMSG-10544]


Start auto log messages stack - Iteration 1.	[MsgId: MMSG-10545]
Action.c(45): web_custom_request("ChatMng.update.dwr_2") highest severity level was "continue on error", 0 body bytes, 0 header bytes  	[MsgId: MMSG-26388]
Action.c(45): Continuing after error in Vuser script.	[MsgId: MMSG-10678]
Action.c(57): web_submit_data("FriendTreeActionForChat.html_2") started  	[MsgId: MMSG-26355]
Action.c(57): Continuing after Error -27794: Failed to connect to server "www.scholat.com:80": [10060] Connection timed out  	[MsgId: MERR-27794]
End auto log messages stack.	[MsgId: MMSG-10544]


Start auto log messages stack - Iteration 1.	[MsgId: MMSG-10545]
Action.c(28): Warning -26200: At least one of the resources specified by EXTRARES has not been downloaded due to the above error(s)  	[MsgId: MWAR-26200]
Action.c(28): web_custom_request("getAllAddFriendsMsg.html_2") highest severity level was "continue on error", 0 body bytes, 0 header bytes  	[MsgId: MMSG-26388]
Action.c(28): Continuing after error in Vuser script.	[MsgId: MMSG-10678]
Action.c(45): web_custom_request("ChatMng.update.dwr_2") started  	[MsgId: MMSG-26355]
Action.c(45): Continuing after Error -27794: Failed to connect to server "www.scholat.com:80": [10060] Connection timed out  	[MsgId: MERR-27794]
End auto log messages stack.	[MsgId: MMSG-10544]


Start auto log messages stack - Iteration 1.	[MsgId: MMSG-10545]
Action.c(45): web_custom_request("ChatMng.update.dwr_2") highest severity level was "continue on error", 0 body bytes, 0 header bytes  	[MsgId: MMSG-26388]
Action.c(45): Continuing after error in Vuser script.	[MsgId: MMSG-10678]
Action.c(57): web_submit_data("FriendTreeActionForChat.html_2") started  	[MsgId: MMSG-26355]
Action.c(57): Continuing after Error -27794: Failed to connect to server "www.scholat.com:80": [10060] Connection timed out  	[MsgId: MERR-27794]
End auto log messages stack.	[MsgId: MMSG-10544]


Start auto log messages stack - Iteration 1.	[MsgId: MMSG-10545]
Action.c(57): web_submit_data("FriendTreeActionForChat.html_2") highest severity level was "continue on error", 0 body bytes, 0 header bytes  	[MsgId: MMSG-26388]
Action.c(57): Continuing after error in Vuser script.	[MsgId: MMSG-10678]
Action.c(68): web_submit_data("RecentTreeActionForChat.html_2") started  	[MsgId: MMSG-26355]
Action.c(68): Continuing after Error -27794: Failed to connect to server "www.scholat.com:80": [10060] Connection timed out  	[MsgId: MERR-27794]
End auto log messages stack.	[MsgId: MMSG-10544]


Start auto log messages stack - Iteration 1.	[MsgId: MMSG-10545]
Action.c(45): web_custom_request("ChatMng.update.dwr_2") highest severity level was "continue on error", 0 body bytes, 0 header bytes  	[MsgId: MMSG-26388]
Action.c(45): Continuing after error in Vuser script.	[MsgId: MMSG-10678]
Action.c(57): web_submit_data("FriendTreeActionForChat.html_2") started  	[MsgId: MMSG-26355]
Action.c(57): Continuing after Error -27794: Failed to connect to server "www.scholat.com:80": [10060] Connection timed out  	[MsgId: MERR-27794]
End auto log messages stack.	[MsgId: MMSG-10544]


Start auto log messages stack - Iteration 1.	[MsgId: MMSG-10545]
Action.c(57): web_submit_data("FriendTreeActionForChat.html_2") highest severity level was "continue on error", 0 body bytes, 0 header bytes  	[MsgId: MMSG-26388]
Action.c(57): Continuing after error in Vuser script.	[MsgId: MMSG-10678]
Action.c(68): web_submit_data("RecentTreeActionForChat.html_2") started  	[MsgId: MMSG-26355]
Action.c(68): Continuing after Error -27794: Failed to connect to server "www.scholat.com:80": [10060] Connection timed out  	[MsgId: MERR-27794]
End auto log messages stack.	[MsgId: MMSG-10544]


Start auto log messages stack - Iteration 1.	[MsgId: MMSG-10545]
Action.c(79): lr_think_time: 13.06 seconds (recorded think time was 9.00 seconds).	[MsgId: MMSG-15947]
Action.c(81): web_submit_data("TeamTreeActionForChat.html_2") started  	[MsgId: MMSG-26355]
Action.c(81): Redirecting "http://www.scholat.com/TeamTreeActionForChat.html?acc_id=17449" (redirection depth is 0)  	[MsgId: MMSG-26694]
Action.c(81): To location "http://www.scholat.com/Phomepage.html"  	[MsgId: MMSG-26693]
Action.c(81): Redirecting "http://www.scholat.com/Phomepage.html" (redirection depth is 1)  	[MsgId: MMSG-26694]
Action.c(81): To location "http://www.scholat.com/login.html"  	[MsgId: MMSG-26693]
Action.c(81): web_submit_data("TeamTreeActionForChat.html_2") was successful, 3131 body bytes, 892 header bytes  	[MsgId: MMSG-26386]
Action.c(92): web_find started  	[MsgId: MMSG-26355]
Action.c(92): Continuing after Error -27195: "Text Check" failed. 0 occurrence(s) of "SCHOLAT 学者网" found (RightOf="", LeftOf="")  	[MsgId: MERR-27195]
End auto log messages stack.	[MsgId: MMSG-10544]


Start auto log messages stack - Iteration 1.	[MsgId: MMSG-10545]
Action.c(57): web_submit_data("FriendTreeActionForChat.html_2") highest severity level was "continue on error", 0 body bytes, 0 header bytes  	[MsgId: MMSG-26388]
Action.c(57): Continuing after error in Vuser script.	[MsgId: MMSG-10678]
Action.c(68): web_submit_data("RecentTreeActionForChat.html_2") started  	[MsgId: MMSG-26355]
Action.c(68): Continuing after Error -27794: Failed to connect to server "www.scholat.com:80": [10060] Connection timed out  	[MsgId: MERR-27794]
End auto log messages stack.	[MsgId: MMSG-10544]


Start auto log messages stack - Iteration 1.	[MsgId: MMSG-10545]
Action.c(79): lr_think_time: 11.72 seconds (recorded think time was 9.00 seconds).	[MsgId: MMSG-15947]
Action.c(81): web_submit_data("TeamTreeActionForChat.html_2") started  	[MsgId: MMSG-26355]
Action.c(81): Redirecting "http://www.scholat.com/TeamTreeActionForChat.html?acc_id=17449" (redirection depth is 0)  	[MsgId: MMSG-26694]
Action.c(81): To location "http://www.scholat.com/Phomepage.html"  	[MsgId: MMSG-26693]
Action.c(81): Redirecting "http://www.scholat.com/Phomepage.html" (redirection depth is 1)  	[MsgId: MMSG-26694]
Action.c(81): To location "http://www.scholat.com/login.html"  	[MsgId: MMSG-26693]
Action.c(81): web_submit_data("TeamTreeActionForChat.html_2") was successful, 3132 body bytes, 892 header bytes  	[MsgId: MMSG-26386]
Action.c(92): web_find started  	[MsgId: MMSG-26355]
Action.c(92): Continuing after Error -27195: "Text Check" failed. 0 occurrence(s) of "SCHOLAT 学者网" found (RightOf="", LeftOf="")  	[MsgId: MERR-27195]
End auto log messages stack.	[MsgId: MMSG-10544]


