Start auto log messages stack.	[MsgId: MMSG-10546]
Start auto log messages stack.	[MsgId: MMSG-10546]
vuser_init.c(12): Found resource "http://www.scholat.com/resources/s_icon/chengh_1462780633069.jpg" in HTML "http://www.scholat.com/"  	[MsgId: MMSG-26659]
vuser_init.c(12): Found resource "http://www.scholat.com/resources/s_icon/tommy6723_1366895053475.jpg" in HTML "http://www.scholat.com/"  	[MsgId: MMSG-26659]
vuser_init.c(12): Found resource "http://www.scholat.com/resources/s_icon/xiaocao0924_1456111574330.jpg" in HTML "http://www.scholat.com/"  	[MsgId: MMSG-26659]
vuser_init.c(12): Found resource "http://www.scholat.com/resources/s_icon/zcz1183_1488348494758.jpg" in HTML "http://www.scholat.com/"  	[MsgId: MMSG-26659]
vuser_init.c(12): Found resource "http://www.scholat.com/resources/s_icon/chengh_1462780633069.jpg" in HTML "http://www.scholat.com/"  	[MsgId: MMSG-26659]
vuser_init.c(12): Found resource "http://www.scholat.com/portal_new/js/slider.gzjs?_dc=17c4636ea96" in HTML "http://www.scholat.com/"  	[MsgId: MMSG-26659]
vuser_init.c(12): Error -27723: Step download timeout (120 seconds) has expired when downloading resource "http://www.scholat.com/portal_new/images/Invite.png". Set the "Step Timeout caused by resources is a warning" Run-Time Setting to Yes/No to have this message as a warning/error, respectively  	[MsgId: MERR-27723]
vuser_init.c(12): Found resource "http://www.scholat.com/resources/s_icon/tommy6723_1366895053475.jpg" in HTML "http://www.scholat.com/"  	[MsgId: MMSG-26659]
vuser_init.c(12): Found resource "http://www.scholat.com/resources/s_icon/xiaocao0924_1456111574330.jpg" in HTML "http://www.scholat.com/"  	[MsgId: MMSG-26659]
End auto log messages stack.	[MsgId: MMSG-10544]


vuser_init.c(12): Found resource "http://www.scholat.com/resources/s_icon/zcz1183_1488348494758.jpg" in HTML "http://www.scholat.com/"  	[MsgId: MMSG-26659]
vuser_init.c(12): Found resource "http://www.scholat.com/portal_new/js/slider.gzjs?_dc=17c4636ea96" in HTML "http://www.scholat.com/"  	[MsgId: MMSG-26659]
vuser_init.c(12): Error -27723: Step download timeout (120 seconds) has expired when downloading resource "http://www.scholat.com/portal_new/images/Invite.png". Set the "Step Timeout caused by resources is a warning" Run-Time Setting to Yes/No to have this message as a warning/error, respectively  	[MsgId: MERR-27723]
End auto log messages stack.	[MsgId: MMSG-10544]


Start auto log messages stack.	[MsgId: MMSG-10546]
vuser_init.c(12): Found resource "http://www.scholat.com/resources/s_icon/chengh_1462780633069.jpg" in HTML "http://www.scholat.com/"  	[MsgId: MMSG-26659]
vuser_init.c(12): Found resource "http://www.scholat.com/resources/s_icon/tommy6723_1366895053475.jpg" in HTML "http://www.scholat.com/"  	[MsgId: MMSG-26659]
vuser_init.c(12): Found resource "http://www.scholat.com/resources/s_icon/xiaocao0924_1456111574330.jpg" in HTML "http://www.scholat.com/"  	[MsgId: MMSG-26659]
vuser_init.c(12): Found resource "http://www.scholat.com/resources/s_icon/zcz1183_1488348494758.jpg" in HTML "http://www.scholat.com/"  	[MsgId: MMSG-26659]
vuser_init.c(12): Found resource "http://www.scholat.com/portal_new/js/slider.gzjs?_dc=17c4636ea96" in HTML "http://www.scholat.com/"  	[MsgId: MMSG-26659]
vuser_init.c(12): Error -27723: Step download timeout (120 seconds) has expired when downloading resource "http://www.scholat.com/portal_new/images/Invite.png". Set the "Step Timeout caused by resources is a warning" Run-Time Setting to Yes/No to have this message as a warning/error, respectively  	[MsgId: MERR-27723]
End auto log messages stack.	[MsgId: MMSG-10544]


Start auto log messages stack.	[MsgId: MMSG-10546]
Virtual User Script started at: 2018/6/11 19:19:21	[MsgId: MMSG-15967]
Starting action vuser_init.	[MsgId: MMSG-15919]
Web Turbo Replay of LoadRunner 12.55.0 for Windows 8.1; build 911 (7月 24 2017 19:46:00)  	[MsgId: MMSG-26983]
Run mode: HTML  	[MsgId: MMSG-26993]
Replay user agent: Mozilla/4.0 (compatible; MSIE 8.0; Windows NT 6.1; Win64; x64; Trident/4.0; .NET CLR 2.0.50727; SLCC2; .NET CLR 3.5.30729; .NET CLR 3.0.30729; Media Center PC 6.0; .NET4.0C; .NET4.0E; InfoPath.3)  	[MsgId: MMSG-26988]
Run-Time Settings file: "C:\Users\Administrator\AppData\Local\Temp\lr5tmpdirESj.198\lrcfgYQv.205\cfgMbA.210"  	[MsgId: MMSG-27141]
vuser_init.c(12): web_url("www.scholat.com") started  	[MsgId: MMSG-26355]
vuser_init.c(12): Error -27724: Step download timeout (120 seconds) has expired when downloading resource "http://www.scholat.com/"  	[MsgId: MERR-27724]
End auto log messages stack.	[MsgId: MMSG-10544]


Start auto log messages stack.	[MsgId: MMSG-10546]
vuser_init.c(12): Found resource "http://www.scholat.com/resources/s_icon/chengh_1462780633069.jpg" in HTML "http://www.scholat.com/"  	[MsgId: MMSG-26659]
vuser_init.c(12): Found resource "http://www.scholat.com/resources/s_icon/tommy6723_1366895053475.jpg" in HTML "http://www.scholat.com/"  	[MsgId: MMSG-26659]
vuser_init.c(12): Found resource "http://www.scholat.com/resources/s_icon/xiaocao0924_1456111574330.jpg" in HTML "http://www.scholat.com/"  	[MsgId: MMSG-26659]
vuser_init.c(12): Found resource "http://www.scholat.com/resources/s_icon/zcz1183_1488348494758.jpg" in HTML "http://www.scholat.com/"  	[MsgId: MMSG-26659]
vuser_init.c(12): Found resource "http://www.scholat.com/portal_new/js/slider.gzjs?_dc=17c4636ea96" in HTML "http://www.scholat.com/"  	[MsgId: MMSG-26659]
vuser_init.c(12): Error -27723: Step download timeout (120 seconds) has expired when downloading resource "http://www.scholat.com/portal_new/images/Invite.png". Set the "Step Timeout caused by resources is a warning" Run-Time Setting to Yes/No to have this message as a warning/error, respectively  	[MsgId: MERR-27723]
End auto log messages stack.	[MsgId: MMSG-10544]


Start auto log messages stack.	[MsgId: MMSG-10546]
Virtual User Script started at: 2018/6/11 19:19:23	[MsgId: MMSG-15967]
Starting action vuser_init.	[MsgId: MMSG-15919]
Web Turbo Replay of LoadRunner 12.55.0 for Windows 8.1; build 911 (7月 24 2017 19:46:00)  	[MsgId: MMSG-26983]
Run mode: HTML  	[MsgId: MMSG-26993]
Replay user agent: Mozilla/4.0 (compatible; MSIE 8.0; Windows NT 6.1; Win64; x64; Trident/4.0; .NET CLR 2.0.50727; SLCC2; .NET CLR 3.5.30729; .NET CLR 3.0.30729; Media Center PC 6.0; .NET4.0C; .NET4.0E; InfoPath.3)  	[MsgId: MMSG-26988]
Run-Time Settings file: "C:\Users\Administrator\AppData\Local\Temp\lr5tmpdirESj.198\lrcfgYQv.205\cfgMbA.210"  	[MsgId: MMSG-27141]
vuser_init.c(12): web_url("www.scholat.com") started  	[MsgId: MMSG-26355]
vuser_init.c(12): Error -27724: Step download timeout (120 seconds) has expired when downloading resource "http://www.scholat.com/"  	[MsgId: MERR-27724]
End auto log messages stack.	[MsgId: MMSG-10544]


Start auto log messages stack.	[MsgId: MMSG-10546]
Virtual User Script started at: 2018/6/11 19:19:24	[MsgId: MMSG-15967]
Starting action vuser_init.	[MsgId: MMSG-15919]
Web Turbo Replay of LoadRunner 12.55.0 for Windows 8.1; build 911 (7月 24 2017 19:46:00)  	[MsgId: MMSG-26983]
Run mode: HTML  	[MsgId: MMSG-26993]
Replay user agent: Mozilla/4.0 (compatible; MSIE 8.0; Windows NT 6.1; Win64; x64; Trident/4.0; .NET CLR 2.0.50727; SLCC2; .NET CLR 3.5.30729; .NET CLR 3.0.30729; Media Center PC 6.0; .NET4.0C; .NET4.0E; InfoPath.3)  	[MsgId: MMSG-26988]
Run-Time Settings file: "C:\Users\Administrator\AppData\Local\Temp\lr5tmpdirESj.198\lrcfgYQv.205\cfgMbA.210"  	[MsgId: MMSG-27141]
vuser_init.c(12): web_url("www.scholat.com") started  	[MsgId: MMSG-26355]
vuser_init.c(12): Error -27724: Step download timeout (120 seconds) has expired when downloading resource "http://www.scholat.com/"  	[MsgId: MERR-27724]
End auto log messages stack.	[MsgId: MMSG-10544]


Start auto log messages stack.	[MsgId: MMSG-10546]
Virtual User Script started at: 2018/6/11 19:19:25	[MsgId: MMSG-15967]
Starting action vuser_init.	[MsgId: MMSG-15919]
Web Turbo Replay of LoadRunner 12.55.0 for Windows 8.1; build 911 (7月 24 2017 19:46:00)  	[MsgId: MMSG-26983]
Run mode: HTML  	[MsgId: MMSG-26993]
Replay user agent: Mozilla/4.0 (compatible; MSIE 8.0; Windows NT 6.1; Win64; x64; Trident/4.0; .NET CLR 2.0.50727; SLCC2; .NET CLR 3.5.30729; .NET CLR 3.0.30729; Media Center PC 6.0; .NET4.0C; .NET4.0E; InfoPath.3)  	[MsgId: MMSG-26988]
Run-Time Settings file: "C:\Users\Administrator\AppData\Local\Temp\lr5tmpdirESj.198\lrcfgYQv.205\cfgMbA.210"  	[MsgId: MMSG-27141]
vuser_init.c(12): web_url("www.scholat.com") started  	[MsgId: MMSG-26355]
vuser_init.c(12): Error -27724: Step download timeout (120 seconds) has expired when downloading resource "http://www.scholat.com/"  	[MsgId: MERR-27724]
End auto log messages stack.	[MsgId: MMSG-10544]


Start auto log messages stack.	[MsgId: MMSG-10546]
Virtual User Script started at: 2018/6/11 19:19:27	[MsgId: MMSG-15967]
Starting action vuser_init.	[MsgId: MMSG-15919]
Web Turbo Replay of LoadRunner 12.55.0 for Windows 8.1; build 911 (7月 24 2017 19:46:00)  	[MsgId: MMSG-26983]
Run mode: HTML  	[MsgId: MMSG-26993]
Replay user agent: Mozilla/4.0 (compatible; MSIE 8.0; Windows NT 6.1; Win64; x64; Trident/4.0; .NET CLR 2.0.50727; SLCC2; .NET CLR 3.5.30729; .NET CLR 3.0.30729; Media Center PC 6.0; .NET4.0C; .NET4.0E; InfoPath.3)  	[MsgId: MMSG-26988]
Run-Time Settings file: "C:\Users\Administrator\AppData\Local\Temp\lr5tmpdirESj.198\lrcfgYQv.205\cfgMbA.210"  	[MsgId: MMSG-27141]
vuser_init.c(12): web_url("www.scholat.com") started  	[MsgId: MMSG-26355]
vuser_init.c(12): Error -27724: Step download timeout (120 seconds) has expired when downloading resource "http://www.scholat.com/"  	[MsgId: MERR-27724]
End auto log messages stack.	[MsgId: MMSG-10544]


Start auto log messages stack.	[MsgId: MMSG-10546]
Virtual User Script started at: 2018/6/11 19:19:28	[MsgId: MMSG-15967]
Starting action vuser_init.	[MsgId: MMSG-15919]
Web Turbo Replay of LoadRunner 12.55.0 for Windows 8.1; build 911 (7月 24 2017 19:46:00)  	[MsgId: MMSG-26983]
Run mode: HTML  	[MsgId: MMSG-26993]
Replay user agent: Mozilla/4.0 (compatible; MSIE 8.0; Windows NT 6.1; Win64; x64; Trident/4.0; .NET CLR 2.0.50727; SLCC2; .NET CLR 3.5.30729; .NET CLR 3.0.30729; Media Center PC 6.0; .NET4.0C; .NET4.0E; InfoPath.3)  	[MsgId: MMSG-26988]
Run-Time Settings file: "C:\Users\Administrator\AppData\Local\Temp\lr5tmpdirESj.198\lrcfgYQv.205\cfgMbA.210"  	[MsgId: MMSG-27141]
vuser_init.c(12): web_url("www.scholat.com") started  	[MsgId: MMSG-26355]
vuser_init.c(12): Error -27724: Step download timeout (120 seconds) has expired when downloading resource "http://www.scholat.com/"  	[MsgId: MERR-27724]
End auto log messages stack.	[MsgId: MMSG-10544]


Start auto log messages stack.	[MsgId: MMSG-10546]
Virtual User Script started at: 2018/6/11 19:19:29	[MsgId: MMSG-15967]
Starting action vuser_init.	[MsgId: MMSG-15919]
Web Turbo Replay of LoadRunner 12.55.0 for Windows 8.1; build 911 (7月 24 2017 19:46:00)  	[MsgId: MMSG-26983]
Run mode: HTML  	[MsgId: MMSG-26993]
Replay user agent: Mozilla/4.0 (compatible; MSIE 8.0; Windows NT 6.1; Win64; x64; Trident/4.0; .NET CLR 2.0.50727; SLCC2; .NET CLR 3.5.30729; .NET CLR 3.0.30729; Media Center PC 6.0; .NET4.0C; .NET4.0E; InfoPath.3)  	[MsgId: MMSG-26988]
Run-Time Settings file: "C:\Users\Administrator\AppData\Local\Temp\lr5tmpdirESj.198\lrcfgYQv.205\cfgMbA.210"  	[MsgId: MMSG-27141]
vuser_init.c(12): web_url("www.scholat.com") started  	[MsgId: MMSG-26355]
vuser_init.c(12): Error -27724: Step download timeout (120 seconds) has expired when downloading resource "http://www.scholat.com/"  	[MsgId: MERR-27724]
End auto log messages stack.	[MsgId: MMSG-10544]


Start auto log messages stack.	[MsgId: MMSG-10546]
Virtual User Script started at: 2018/6/11 19:19:30	[MsgId: MMSG-15967]
Starting action vuser_init.	[MsgId: MMSG-15919]
Web Turbo Replay of LoadRunner 12.55.0 for Windows 8.1; build 911 (7月 24 2017 19:46:00)  	[MsgId: MMSG-26983]
Run mode: HTML  	[MsgId: MMSG-26993]
Replay user agent: Mozilla/4.0 (compatible; MSIE 8.0; Windows NT 6.1; Win64; x64; Trident/4.0; .NET CLR 2.0.50727; SLCC2; .NET CLR 3.5.30729; .NET CLR 3.0.30729; Media Center PC 6.0; .NET4.0C; .NET4.0E; InfoPath.3)  	[MsgId: MMSG-26988]
Run-Time Settings file: "C:\Users\Administrator\AppData\Local\Temp\lr5tmpdirESj.198\lrcfgYQv.205\cfgMbA.210"  	[MsgId: MMSG-27141]
vuser_init.c(12): web_url("www.scholat.com") started  	[MsgId: MMSG-26355]
vuser_init.c(12): Error -27724: Step download timeout (120 seconds) has expired when downloading resource "http://www.scholat.com/"  	[MsgId: MERR-27724]
End auto log messages stack.	[MsgId: MMSG-10544]


Start auto log messages stack.	[MsgId: MMSG-10546]
Virtual User Script started at: 2018/6/11 19:19:31	[MsgId: MMSG-15967]
Starting action vuser_init.	[MsgId: MMSG-15919]
Web Turbo Replay of LoadRunner 12.55.0 for Windows 8.1; build 911 (7月 24 2017 19:46:00)  	[MsgId: MMSG-26983]
Run mode: HTML  	[MsgId: MMSG-26993]
Replay user agent: Mozilla/4.0 (compatible; MSIE 8.0; Windows NT 6.1; Win64; x64; Trident/4.0; .NET CLR 2.0.50727; SLCC2; .NET CLR 3.5.30729; .NET CLR 3.0.30729; Media Center PC 6.0; .NET4.0C; .NET4.0E; InfoPath.3)  	[MsgId: MMSG-26988]
Run-Time Settings file: "C:\Users\Administrator\AppData\Local\Temp\lr5tmpdirESj.198\lrcfgYQv.205\cfgMbA.210"  	[MsgId: MMSG-27141]
vuser_init.c(12): web_url("www.scholat.com") started  	[MsgId: MMSG-26355]
vuser_init.c(12): Error -27724: Step download timeout (120 seconds) has expired when downloading resource "http://www.scholat.com/"  	[MsgId: MERR-27724]
End auto log messages stack.	[MsgId: MMSG-10544]


Start auto log messages stack.	[MsgId: MMSG-10546]
Virtual User Script started at: 2018/6/11 19:19:32	[MsgId: MMSG-15967]
Starting action vuser_init.	[MsgId: MMSG-15919]
Web Turbo Replay of LoadRunner 12.55.0 for Windows 8.1; build 911 (7月 24 2017 19:46:00)  	[MsgId: MMSG-26983]
Run mode: HTML  	[MsgId: MMSG-26993]
Replay user agent: Mozilla/4.0 (compatible; MSIE 8.0; Windows NT 6.1; Win64; x64; Trident/4.0; .NET CLR 2.0.50727; SLCC2; .NET CLR 3.5.30729; .NET CLR 3.0.30729; Media Center PC 6.0; .NET4.0C; .NET4.0E; InfoPath.3)  	[MsgId: MMSG-26988]
Run-Time Settings file: "C:\Users\Administrator\AppData\Local\Temp\lr5tmpdirESj.198\lrcfgYQv.205\cfgMbA.210"  	[MsgId: MMSG-27141]
vuser_init.c(12): web_url("www.scholat.com") started  	[MsgId: MMSG-26355]
vuser_init.c(12): Error -27724: Step download timeout (120 seconds) has expired when downloading resource "http://www.scholat.com/"  	[MsgId: MERR-27724]
End auto log messages stack.	[MsgId: MMSG-10544]


Start auto log messages stack.	[MsgId: MMSG-10546]
Virtual User Script started at: 2018/6/11 19:19:33	[MsgId: MMSG-15967]
Starting action vuser_init.	[MsgId: MMSG-15919]
Web Turbo Replay of LoadRunner 12.55.0 for Windows 8.1; build 911 (7月 24 2017 19:46:00)  	[MsgId: MMSG-26983]
Run mode: HTML  	[MsgId: MMSG-26993]
Replay user agent: Mozilla/4.0 (compatible; MSIE 8.0; Windows NT 6.1; Win64; x64; Trident/4.0; .NET CLR 2.0.50727; SLCC2; .NET CLR 3.5.30729; .NET CLR 3.0.30729; Media Center PC 6.0; .NET4.0C; .NET4.0E; InfoPath.3)  	[MsgId: MMSG-26988]
Run-Time Settings file: "C:\Users\Administrator\AppData\Local\Temp\lr5tmpdirESj.198\lrcfgYQv.205\cfgMbA.210"  	[MsgId: MMSG-27141]
vuser_init.c(12): web_url("www.scholat.com") started  	[MsgId: MMSG-26355]
vuser_init.c(12): Error -27724: Step download timeout (120 seconds) has expired when downloading resource "http://www.scholat.com/"  	[MsgId: MERR-27724]
End auto log messages stack.	[MsgId: MMSG-10544]


Start auto log messages stack.	[MsgId: MMSG-10546]
Virtual User Script started at: 2018/6/11 19:19:34	[MsgId: MMSG-15967]
Starting action vuser_init.	[MsgId: MMSG-15919]
Web Turbo Replay of LoadRunner 12.55.0 for Windows 8.1; build 911 (7月 24 2017 19:46:00)  	[MsgId: MMSG-26983]
Run mode: HTML  	[MsgId: MMSG-26993]
Replay user agent: Mozilla/4.0 (compatible; MSIE 8.0; Windows NT 6.1; Win64; x64; Trident/4.0; .NET CLR 2.0.50727; SLCC2; .NET CLR 3.5.30729; .NET CLR 3.0.30729; Media Center PC 6.0; .NET4.0C; .NET4.0E; InfoPath.3)  	[MsgId: MMSG-26988]
Run-Time Settings file: "C:\Users\Administrator\AppData\Local\Temp\lr5tmpdirESj.198\lrcfgYQv.205\cfgMbA.210"  	[MsgId: MMSG-27141]
vuser_init.c(12): web_url("www.scholat.com") started  	[MsgId: MMSG-26355]
vuser_init.c(12): Error -27724: Step download timeout (120 seconds) has expired when downloading resource "http://www.scholat.com/"  	[MsgId: MERR-27724]
End auto log messages stack.	[MsgId: MMSG-10544]


Start auto log messages stack.	[MsgId: MMSG-10546]
Virtual User Script started at: 2018/6/11 19:19:35	[MsgId: MMSG-15967]
Starting action vuser_init.	[MsgId: MMSG-15919]
Web Turbo Replay of LoadRunner 12.55.0 for Windows 8.1; build 911 (7月 24 2017 19:46:00)  	[MsgId: MMSG-26983]
Run mode: HTML  	[MsgId: MMSG-26993]
Replay user agent: Mozilla/4.0 (compatible; MSIE 8.0; Windows NT 6.1; Win64; x64; Trident/4.0; .NET CLR 2.0.50727; SLCC2; .NET CLR 3.5.30729; .NET CLR 3.0.30729; Media Center PC 6.0; .NET4.0C; .NET4.0E; InfoPath.3)  	[MsgId: MMSG-26988]
Run-Time Settings file: "C:\Users\Administrator\AppData\Local\Temp\lr5tmpdirESj.198\lrcfgYQv.205\cfgMbA.210"  	[MsgId: MMSG-27141]
vuser_init.c(12): web_url("www.scholat.com") started  	[MsgId: MMSG-26355]
vuser_init.c(12): Error -27724: Step download timeout (120 seconds) has expired when downloading resource "http://www.scholat.com/"  	[MsgId: MERR-27724]
End auto log messages stack.	[MsgId: MMSG-10544]


Start auto log messages stack.	[MsgId: MMSG-10546]
Virtual User Script started at: 2018/6/11 19:19:36	[MsgId: MMSG-15967]
Starting action vuser_init.	[MsgId: MMSG-15919]
Web Turbo Replay of LoadRunner 12.55.0 for Windows 8.1; build 911 (7月 24 2017 19:46:00)  	[MsgId: MMSG-26983]
Run mode: HTML  	[MsgId: MMSG-26993]
Replay user agent: Mozilla/4.0 (compatible; MSIE 8.0; Windows NT 6.1; Win64; x64; Trident/4.0; .NET CLR 2.0.50727; SLCC2; .NET CLR 3.5.30729; .NET CLR 3.0.30729; Media Center PC 6.0; .NET4.0C; .NET4.0E; InfoPath.3)  	[MsgId: MMSG-26988]
Run-Time Settings file: "C:\Users\Administrator\AppData\Local\Temp\lr5tmpdirESj.198\lrcfgYQv.205\cfgMbA.210"  	[MsgId: MMSG-27141]
vuser_init.c(12): web_url("www.scholat.com") started  	[MsgId: MMSG-26355]
vuser_init.c(12): Error -27724: Step download timeout (120 seconds) has expired when downloading resource "http://www.scholat.com/"  	[MsgId: MERR-27724]
End auto log messages stack.	[MsgId: MMSG-10544]


Start auto log messages stack.	[MsgId: MMSG-10546]
Virtual User Script started at: 2018/6/11 19:19:37	[MsgId: MMSG-15967]
Starting action vuser_init.	[MsgId: MMSG-15919]
Web Turbo Replay of LoadRunner 12.55.0 for Windows 8.1; build 911 (7月 24 2017 19:46:00)  	[MsgId: MMSG-26983]
Run mode: HTML  	[MsgId: MMSG-26993]
Replay user agent: Mozilla/4.0 (compatible; MSIE 8.0; Windows NT 6.1; Win64; x64; Trident/4.0; .NET CLR 2.0.50727; SLCC2; .NET CLR 3.5.30729; .NET CLR 3.0.30729; Media Center PC 6.0; .NET4.0C; .NET4.0E; InfoPath.3)  	[MsgId: MMSG-26988]
Run-Time Settings file: "C:\Users\Administrator\AppData\Local\Temp\lr5tmpdirESj.198\lrcfgYQv.205\cfgMbA.210"  	[MsgId: MMSG-27141]
vuser_init.c(12): web_url("www.scholat.com") started  	[MsgId: MMSG-26355]
vuser_init.c(12): Error -27724: Step download timeout (120 seconds) has expired when downloading resource "http://www.scholat.com/"  	[MsgId: MERR-27724]
End auto log messages stack.	[MsgId: MMSG-10544]


Start auto log messages stack.	[MsgId: MMSG-10546]
Virtual User Script started at: 2018/6/11 19:19:38	[MsgId: MMSG-15967]
Starting action vuser_init.	[MsgId: MMSG-15919]
Web Turbo Replay of LoadRunner 12.55.0 for Windows 8.1; build 911 (7月 24 2017 19:46:00)  	[MsgId: MMSG-26983]
Run mode: HTML  	[MsgId: MMSG-26993]
Replay user agent: Mozilla/4.0 (compatible; MSIE 8.0; Windows NT 6.1; Win64; x64; Trident/4.0; .NET CLR 2.0.50727; SLCC2; .NET CLR 3.5.30729; .NET CLR 3.0.30729; Media Center PC 6.0; .NET4.0C; .NET4.0E; InfoPath.3)  	[MsgId: MMSG-26988]
Run-Time Settings file: "C:\Users\Administrator\AppData\Local\Temp\lr5tmpdirESj.198\lrcfgYQv.205\cfgMbA.210"  	[MsgId: MMSG-27141]
vuser_init.c(12): web_url("www.scholat.com") started  	[MsgId: MMSG-26355]
vuser_init.c(12): Error -27724: Step download timeout (120 seconds) has expired when downloading resource "http://www.scholat.com/"  	[MsgId: MERR-27724]
End auto log messages stack.	[MsgId: MMSG-10544]


